[INFO] Scanning for projects...
[WARNING] 
[WARNING] Some problems were encountered while building the effective model for com.kitty:blog:jar:0.0.1-SNAPSHOT
[WARNING] 'dependencies.dependency.(groupId:artifactId:type:classifier)' must be unique: org.antlr:antlr4-runtime:jar -> version (?) vs 4.13.0 @ line 134, column 21
[WARNING] 'dependencies.dependency.(groupId:artifactId:type:classifier)' must be unique: org.springframework.boot:spring-boot-starter-test:jar -> duplicate declaration of version (?) @ line 203, column 21
[WARNING] 
[WARNING] It is highly recommended to fix these problems because they threaten the stability of your build.
[WARNING] 
[WARNING] For this reason, future Maven versions might no longer support building such malformed projects.
[WARNING] 
[INFO] 
[INFO] ---------------------------< com.kitty:blog >---------------------------
[INFO] Building blog 0.0.1-SNAPSHOT
[INFO]   from pom.xml
[INFO] --------------------------------[ jar ]---------------------------------
[INFO] 
[INFO] >>> spring-boot:3.4.3:run (default-cli) > test-compile @ blog >>>
[INFO] 
[INFO] --- resources:3.3.1:resources (default-resources) @ blog ---
[INFO] Copying 4 resources from src/main/resources to target/classes
[INFO] Copying 12 resources from src/main/resources to target/classes
[INFO] 
[INFO] --- compiler:3.9.0:compile (default-compile) @ blog ---
[INFO] Changes detected - recompiling the module!
[INFO] Compiling 224 source files to /home/kitty/blog/target/classes
